# JRE version: OpenJDK Runtime Environment (11.0.15) (build 11.0.15+0-b2043.56-8887301)
# Java VM: OpenJDK 64-Bit Server VM (11.0.15+0-b2043.56-8887301, mixed mode, tiered, compressed oops, g1 gc, windows-amd64)
Heap:
 garbage-first heap   total 396288K, used 218267K [0x0000000080000000, 0x0000000100000000)
  region size 1024K, 2 young (2048K), 2 survivors (2048K)
 Metaspace       used 144876K, capacity 149827K, committed 152656K, reserved 1181696K
  class space    used 18021K, capacity 19803K, committed 20992K, reserved 1048576K
GC Heap History (20 events):
Event: 846.232 GC heap after
{Heap after GC invocations=114 (full 0):
 garbage-first heap   total 315392K, used 234386K [0x0000000080000000, 0x0000000100000000)
  region size 1024K, 4 young (4096K), 4 survivors (4096K)
 Metaspace       used 144439K, capacity 149252K, committed 152144K, reserved 1181696K
  class space    used 18002K, capacity 19750K, committed 20992K, reserved 1048576K
}
Event: 846.287 GC heap before
{Heap before GC invocations=114 (full 0):
 garbage-first heap   total 315392K, used 245650K [0x0000000080000000, 0x0000000100000000)
  region size 1024K, 15 young (15360K), 4 survivors (4096K)
 Metaspace       used 144453K, capacity 149317K, committed 152144K, reserved 1181696K
  class space    used 18003K, capacity 19750K, committed 20992K, reserved 1048576K
}
Event: 846.292 GC heap after
{Heap after GC invocations=115 (full 0):
 garbage-first heap   total 315392K, used 235341K [0x0000000080000000, 0x0000000100000000)
  region size 1024K, 2 young (2048K), 2 survivors (2048K)
 Metaspace       used 144453K, capacity 149317K, committed 152144K, reserved 1181696K
  class space    used 18003K, capacity 19750K, committed 20992K, reserved 1048576K
}
Event: 846.306 GC heap before
{Heap before GC invocations=115 (full 0):
 garbage-first heap   total 315392K, used 239437K [0x0000000080000000, 0x0000000100000000)
  region size 1024K, 7 young (7168K), 2 survivors (2048K)
 Metaspace       used 144453K, capacity 149317K, committed 152144K, reserved 1181696K
  class space    used 18003K, capacity 19750K, committed 20992K, reserved 1048576K
}
Event: 846.310 GC heap after
{Heap after GC invocations=116 (full 0):
 garbage-first heap   total 315392K, used 239484K [0x0000000080000000, 0x0000000100000000)
  region size 1024K, 4 young (4096K), 4 survivors (4096K)
 Metaspace       used 144453K, capacity 149317K, committed 152144K, reserved 1181696K
  class space    used 18003K, capacity 19750K, committed 20992K, reserved 1048576K
}
Event: 846.376 GC heap before
{Heap before GC invocations=116 (full 0):
 garbage-first heap   total 315392K, used 278396K [0x0000000080000000, 0x0000000100000000)
  region size 1024K, 25 young (25600K), 4 survivors (4096K)
 Metaspace       used 144503K, capacity 149405K, committed 152400K, reserved 1181696K
  class space    used 18006K, capacity 19754K, committed 20992K, reserved 1048576K
}
Event: 846.379 GC heap after
{Heap after GC invocations=117 (full 0):
 garbage-first heap   total 315392K, used 243174K [0x0000000080000000, 0x0000000100000000)
  region size 1024K, 4 young (4096K), 4 survivors (4096K)
 Metaspace       used 144503K, capacity 149405K, committed 152400K, reserved 1181696K
  class space    used 18006K, capacity 19754K, committed 20992K, reserved 1048576K
}
Event: 846.440 GC heap before
{Heap before GC invocations=117 (full 0):
 garbage-first heap   total 315392K, used 262630K [0x0000000080000000, 0x0000000100000000)
  region size 1024K, 24 young (24576K), 4 survivors (4096K)
 Metaspace       used 144527K, capacity 149405K, committed 152400K, reserved 1181696K
  class space    used 18006K, capacity 19754K, committed 20992K, reserved 1048576K
}
Event: 846.444 GC heap after
{Heap after GC invocations=118 (full 0):
 garbage-first heap   total 315392K, used 246644K [0x0000000080000000, 0x0000000100000000)
  region size 1024K, 3 young (3072K), 3 survivors (3072K)
 Metaspace       used 144527K, capacity 149405K, committed 152400K, reserved 1181696K
  class space    used 18006K, capacity 19754K, committed 20992K, reserved 1048576K
}
Event: 846.507 GC heap before
{Heap before GC invocations=119 (full 0):
 garbage-first heap   total 315392K, used 267124K [0x0000000080000000, 0x0000000100000000)
  region size 1024K, 23 young (23552K), 3 survivors (3072K)
 Metaspace       used 144544K, capacity 149406K, committed 152400K, reserved 1181696K
  class space    used 18006K, capacity 19754K, committed 20992K, reserved 1048576K
}
Event: 846.509 GC heap after
{Heap after GC invocations=120 (full 0):
 garbage-first heap   total 315392K, used 248490K [0x0000000080000000, 0x0000000100000000)
  region size 1024K, 2 young (2048K), 2 survivors (2048K)
 Metaspace       used 144544K, capacity 149406K, committed 152400K, reserved 1181696K
  class space    used 18006K, capacity 19754K, committed 20992K, reserved 1048576K
}
Event: 846.563 GC heap before
{Heap before GC invocations=120 (full 0):
 garbage-first heap   total 315392K, used 261802K [0x0000000080000000, 0x0000000100000000)
  region size 1024K, 15 young (15360K), 2 survivors (2048K)
 Metaspace       used 144630K, capacity 149541K, committed 152400K, reserved 1181696K
  class space    used 18006K, capacity 19754K, committed 20992K, reserved 1048576K
}
Event: 846.570 GC heap after
{Heap after GC invocations=121 (full 0):
 garbage-first heap   total 315392K, used 248811K [0x0000000080000000, 0x0000000100000000)
  region size 1024K, 2 young (2048K), 2 survivors (2048K)
 Metaspace       used 144630K, capacity 149541K, committed 152400K, reserved 1181696K
  class space    used 18006K, capacity 19754K, committed 20992K, reserved 1048576K
}
Event: 846.627 GC heap before
{Heap before GC invocations=121 (full 0):
 garbage-first heap   total 315392K, used 269291K [0x0000000080000000, 0x0000000100000000)
  region size 1024K, 22 young (22528K), 2 survivors (2048K)
 Metaspace       used 144654K, capacity 149541K, committed 152400K, reserved 1181696K
  class space    used 18007K, capacity 19754K, committed 20992K, reserved 1048576K
}
Event: 846.631 GC heap after
{Heap after GC invocations=122 (full 0):
 garbage-first heap   total 315392K, used 249951K [0x0000000080000000, 0x0000000100000000)
  region size 1024K, 2 young (2048K), 2 survivors (2048K)
 Metaspace       used 144654K, capacity 149541K, committed 152400K, reserved 1181696K
  class space    used 18007K, capacity 19754K, committed 20992K, reserved 1048576K
}
Event: 846.704 GC heap before
{Heap before GC invocations=122 (full 0):
 garbage-first heap   total 315392K, used 270431K [0x0000000080000000, 0x0000000100000000)
  region size 1024K, 22 young (22528K), 2 survivors (2048K)
 Metaspace       used 144705K, capacity 149605K, committed 152400K, reserved 1181696K
  class space    used 18007K, capacity 19754K, committed 20992K, reserved 1048576K
}
Event: 846.708 GC heap after
{Heap after GC invocations=123 (full 0):
 garbage-first heap   total 315392K, used 252996K [0x0000000080000000, 0x0000000100000000)
  region size 1024K, 3 young (3072K), 3 survivors (3072K)
 Metaspace       used 144705K, capacity 149605K, committed 152400K, reserved 1181696K
  class space    used 18007K, capacity 19754K, committed 20992K, reserved 1048576K
}
Event: 846.811 GC heap before
{Heap before GC invocations=124 (full 0):
 garbage-first heap   total 315392K, used 258116K [0x0000000080000000, 0x0000000100000000)
  region size 1024K, 22 young (22528K), 3 survivors (3072K)
 Metaspace       used 144775K, capacity 149713K, committed 152656K, reserved 1181696K
  class space    used 18013K, capacity 19789K, committed 20992K, reserved 1048576K
}
Event: 846.814 GC heap after
{Heap after GC invocations=125 (full 0):
 garbage-first heap   total 315392K, used 238631K [0x0000000080000000, 0x0000000100000000)
  region size 1024K, 1 young (1024K), 1 survivors (1024K)
 Metaspace       used 144775K, capacity 149713K, committed 152656K, reserved 1181696K
  class space    used 18013K, capacity 19789K, committed 20992K, reserved 1048576K
}
Event: 846.955 GC heap before
{Heap before GC invocations=125 (full 0):
 garbage-first heap   total 315392K, used 251943K [0x0000000080000000, 0x0000000100000000)
  region size 1024K, 15 young (15360K), 1 survivors (1024K)
 Metaspace       used 144876K, capacity 149827K, committed 152656K, reserved 1181696K
  class space    used 18021K, capacity 19803K, committed 20992K, reserved 1048576K
}

