# JRE version: OpenJDK Runtime Environment (11.0.15) (build 11.0.15+0-b2043.56-8887301)
# Java VM: OpenJDK 64-Bit Server VM (11.0.15+0-b2043.56-8887301, mixed mode, tiered, compressed oops, g1 gc, windows-amd64)
Heap:
 garbage-first heap   total 387072K, used 295661K [0x0000000080000000, 0x0000000100000000)
  region size 1024K, 75 young (76800K), 2 survivors (2048K)
 Metaspace       used 143295K, capacity 148682K, committed 148776K, reserved 1177600K
  class space    used 18332K, capacity 20388K, committed 20480K, reserved 1048576K
GC Heap History (20 events):
Event: 1234.005 GC heap before
{Heap before GC invocations=57 (full 0):
 garbage-first heap   total 387072K, used 266820K [0x0000000080000000, 0x0000000100000000)
  region size 1024K, 54 young (55296K), 2 survivors (2048K)
 Metaspace       used 118387K, capacity 122171K, committed 122280K, reserved 1155072K
  class space    used 14769K, capacity 16172K, committed 16256K, reserved 1048576K
}
Event: 1234.008 GC heap after
{Heap after GC invocations=58 (full 0):
 garbage-first heap   total 387072K, used 216940K [0x0000000080000000, 0x0000000100000000)
  region size 1024K, 4 young (4096K), 4 survivors (4096K)
 Metaspace       used 118387K, capacity 122171K, committed 122280K, reserved 1155072K
  class space    used 14769K, capacity 16172K, committed 16256K, reserved 1048576K
}
Event: 1234.032 GC heap before
{Heap before GC invocations=58 (full 0):
 garbage-first heap   total 387072K, used 230252K [0x0000000080000000, 0x0000000100000000)
  region size 1024K, 18 young (18432K), 4 survivors (4096K)
 Metaspace       used 118399K, capacity 122171K, committed 122280K, reserved 1155072K
  class space    used 14769K, capacity 16172K, committed 16256K, reserved 1048576K
}
Event: 1234.037 GC heap after
{Heap after GC invocations=59 (full 0):
 garbage-first heap   total 387072K, used 212906K [0x0000000080000000, 0x0000000100000000)
  region size 1024K, 3 young (3072K), 3 survivors (3072K)
 Metaspace       used 118399K, capacity 122171K, committed 122280K, reserved 1155072K
  class space    used 14769K, capacity 16172K, committed 16256K, reserved 1048576K
}
Event: 1234.403 GC heap before
{Heap before GC invocations=59 (full 0):
 garbage-first heap   total 387072K, used 277418K [0x0000000080000000, 0x0000000100000000)
  region size 1024K, 67 young (68608K), 3 survivors (3072K)
 Metaspace       used 119866K, capacity 123592K, committed 123688K, reserved 1157120K
  class space    used 14944K, capacity 16326K, committed 16384K, reserved 1048576K
}
Event: 1234.408 GC heap after
{Heap after GC invocations=60 (full 0):
 garbage-first heap   total 387072K, used 216590K [0x0000000080000000, 0x0000000100000000)
  region size 1024K, 7 young (7168K), 7 survivors (7168K)
 Metaspace       used 119866K, capacity 123592K, committed 123688K, reserved 1157120K
  class space    used 14944K, capacity 16326K, committed 16384K, reserved 1048576K
}
Event: 1234.925 GC heap before
{Heap before GC invocations=60 (full 0):
 garbage-first heap   total 387072K, used 239118K [0x0000000080000000, 0x0000000100000000)
  region size 1024K, 31 young (31744K), 7 survivors (7168K)
 Metaspace       used 125330K, capacity 129247K, committed 129576K, reserved 1161216K
  class space    used 15641K, capacity 17039K, committed 17152K, reserved 1048576K
}
Event: 1234.937 GC heap after
{Heap after GC invocations=61 (full 0):
 garbage-first heap   total 387072K, used 217924K [0x0000000080000000, 0x0000000100000000)
  region size 1024K, 6 young (6144K), 6 survivors (6144K)
 Metaspace       used 125330K, capacity 129247K, committed 129576K, reserved 1161216K
  class space    used 15641K, capacity 17039K, committed 17152K, reserved 1048576K
}
Event: 1235.981 GC heap before
{Heap before GC invocations=62 (full 0):
 garbage-first heap   total 387072K, used 295748K [0x0000000080000000, 0x0000000100000000)
  region size 1024K, 79 young (80896K), 6 survivors (6144K)
 Metaspace       used 130593K, capacity 134772K, committed 134952K, reserved 1167360K
  class space    used 16345K, capacity 17881K, committed 17920K, reserved 1048576K
}
Event: 1235.986 GC heap after
{Heap after GC invocations=63 (full 0):
 garbage-first heap   total 387072K, used 221618K [0x0000000080000000, 0x0000000100000000)
  region size 1024K, 4 young (4096K), 4 survivors (4096K)
 Metaspace       used 130593K, capacity 134772K, committed 134952K, reserved 1167360K
  class space    used 16345K, capacity 17881K, committed 17920K, reserved 1048576K
}
Event: 1236.038 GC heap before
{Heap before GC invocations=63 (full 0):
 garbage-first heap   total 387072K, used 234930K [0x0000000080000000, 0x0000000100000000)
  region size 1024K, 18 young (18432K), 4 survivors (4096K)
 Metaspace       used 131812K, capacity 136043K, committed 136232K, reserved 1167360K
  class space    used 16497K, capacity 18050K, committed 18176K, reserved 1048576K
}
Event: 1236.043 GC heap after
{Heap after GC invocations=64 (full 0):
 garbage-first heap   total 387072K, used 218014K [0x0000000080000000, 0x0000000100000000)
  region size 1024K, 3 young (3072K), 3 survivors (3072K)
 Metaspace       used 131812K, capacity 136043K, committed 136232K, reserved 1167360K
  class space    used 16497K, capacity 18050K, committed 18176K, reserved 1048576K
}
Event: 1236.521 GC heap before
{Heap before GC invocations=64 (full 0):
 garbage-first heap   total 387072K, used 295838K [0x0000000080000000, 0x0000000100000000)
  region size 1024K, 80 young (81920K), 3 survivors (3072K)
 Metaspace       used 141387K, capacity 146751K, committed 146984K, reserved 1175552K
  class space    used 18079K, capacity 20179K, committed 20224K, reserved 1048576K
}
Event: 1236.525 GC heap after
{Heap after GC invocations=65 (full 0):
 garbage-first heap   total 387072K, used 221348K [0x0000000080000000, 0x0000000100000000)
  region size 1024K, 7 young (7168K), 7 survivors (7168K)
 Metaspace       used 141387K, capacity 146751K, committed 146984K, reserved 1175552K
  class space    used 18079K, capacity 20179K, committed 20224K, reserved 1048576K
}
Event: 1236.530 GC heap before
{Heap before GC invocations=65 (full 0):
 garbage-first heap   total 387072K, used 221348K [0x0000000080000000, 0x0000000100000000)
  region size 1024K, 8 young (8192K), 7 survivors (7168K)
 Metaspace       used 141401K, capacity 146752K, committed 146984K, reserved 1175552K
  class space    used 18079K, capacity 20179K, committed 20224K, reserved 1048576K
}
Event: 1236.535 GC heap after
{Heap after GC invocations=66 (full 0):
 garbage-first heap   total 387072K, used 221551K [0x0000000080000000, 0x0000000100000000)
  region size 1024K, 5 young (5120K), 5 survivors (5120K)
 Metaspace       used 141401K, capacity 146752K, committed 146984K, reserved 1175552K
  class space    used 18079K, capacity 20179K, committed 20224K, reserved 1048576K
}
Event: 1288.603 GC heap before
{Heap before GC invocations=67 (full 0):
 garbage-first heap   total 387072K, used 328937K [0x0000000080000000, 0x0000000100000000)
  region size 1024K, 87 young (89088K), 5 survivors (5120K)
 Metaspace       used 142858K, capacity 148182K, committed 148776K, reserved 1177600K
  class space    used 18290K, capacity 20312K, committed 20480K, reserved 1048576K
}
Event: 1288.607 GC heap after
{Heap after GC invocations=68 (full 0):
 garbage-first heap   total 387072K, used 223788K [0x0000000080000000, 0x0000000100000000)
  region size 1024K, 7 young (7168K), 7 survivors (7168K)
 Metaspace       used 142858K, capacity 148182K, committed 148776K, reserved 1177600K
  class space    used 18290K, capacity 20312K, committed 20480K, reserved 1048576K
}
Event: 1288.692 GC heap before
{Heap before GC invocations=68 (full 0):
 garbage-first heap   total 387072K, used 234028K [0x0000000080000000, 0x0000000100000000)
  region size 1024K, 18 young (18432K), 7 survivors (7168K)
 Metaspace       used 142929K, capacity 148225K, committed 148776K, reserved 1177600K
  class space    used 18296K, capacity 20323K, committed 20480K, reserved 1048576K
}
Event: 1288.697 GC heap after
{Heap after GC invocations=69 (full 0):
 garbage-first heap   total 387072K, used 222957K [0x0000000080000000, 0x0000000100000000)
  region size 1024K, 2 young (2048K), 2 survivors (2048K)
 Metaspace       used 142929K, capacity 148225K, committed 148776K, reserved 1177600K
  class space    used 18296K, capacity 20323K, committed 20480K, reserved 1048576K
}

