# JRE version: OpenJDK Runtime Environment (11.0.15) (build 11.0.15+0-b2043.56-8887301)
# Java VM: OpenJDK 64-Bit Server VM (11.0.15+0-b2043.56-8887301, mixed mode, tiered, compressed oops, g1 gc, windows-amd64)
Heap:
 garbage-first heap   total 262144K, used 172965K [0x0000000080000000, 0x0000000100000000)
  region size 1024K, 44 young (45056K), 1 survivors (1024K)
 Metaspace       used 125322K, capacity 129402K, committed 129580K, reserved 1161216K
  class space    used 15671K, capacity 17176K, committed 17176K, reserved 1048576K
GC Heap History (20 events):
Event: 847.599 GC heap before
{Heap before GC invocations=59 (full 0):
 garbage-first heap   total 262144K, used 140067K [0x0000000080000000, 0x0000000100000000)
  region size 1024K, 12 young (12288K), 7 survivors (7168K)
 Metaspace       used 123653K, capacity 127211K, committed 128044K, reserved 1161216K
  class space    used 15424K, capacity 16751K, committed 17176K, reserved 1048576K
}
Event: 847.604 GC heap after
{Heap after GC invocations=60 (full 0):
 garbage-first heap   total 262144K, used 126135K [0x0000000080000000, 0x0000000100000000)
  region size 1024K, 2 young (2048K), 2 survivors (2048K)
 Metaspace       used 123653K, capacity 127211K, committed 128044K, reserved 1161216K
  class space    used 15424K, capacity 16751K, committed 17176K, reserved 1048576K
}
Event: 847.654 GC heap before
{Heap before GC invocations=60 (full 0):
 garbage-first heap   total 262144K, used 151735K [0x0000000080000000, 0x0000000100000000)
  region size 1024K, 28 young (28672K), 2 survivors (2048K)
 Metaspace       used 123660K, capacity 127211K, committed 128044K, reserved 1161216K
  class space    used 15424K, capacity 16751K, committed 17176K, reserved 1048576K
}
Event: 847.662 GC heap after
{Heap after GC invocations=61 (full 0):
 garbage-first heap   total 262144K, used 140107K [0x0000000080000000, 0x0000000100000000)
  region size 1024K, 7 young (7168K), 7 survivors (7168K)
 Metaspace       used 123660K, capacity 127211K, committed 128044K, reserved 1161216K
  class space    used 15424K, capacity 16751K, committed 17176K, reserved 1048576K
}
Event: 848.586 GC heap before
{Heap before GC invocations=62 (full 0):
 garbage-first heap   total 262144K, used 196427K [0x0000000080000000, 0x0000000100000000)
  region size 1024K, 49 young (50176K), 7 survivors (7168K)
 Metaspace       used 123705K, capacity 127340K, committed 128300K, reserved 1161216K
  class space    used 15424K, capacity 16751K, committed 17176K, reserved 1048576K
}
Event: 848.592 GC heap after
{Heap after GC invocations=63 (full 0):
 garbage-first heap   total 262144K, used 142903K [0x0000000080000000, 0x0000000100000000)
  region size 1024K, 6 young (6144K), 6 survivors (6144K)
 Metaspace       used 123705K, capacity 127340K, committed 128300K, reserved 1161216K
  class space    used 15424K, capacity 16751K, committed 17176K, reserved 1048576K
}
Event: 848.599 GC heap before
{Heap before GC invocations=63 (full 0):
 garbage-first heap   total 262144K, used 148023K [0x0000000080000000, 0x0000000100000000)
  region size 1024K, 12 young (12288K), 6 survivors (6144K)
 Metaspace       used 123706K, capacity 127340K, committed 128300K, reserved 1161216K
  class space    used 15424K, capacity 16751K, committed 17176K, reserved 1048576K
}
Event: 848.604 GC heap after
{Heap after GC invocations=64 (full 0):
 garbage-first heap   total 262144K, used 134303K [0x0000000080000000, 0x0000000100000000)
  region size 1024K, 2 young (2048K), 2 survivors (2048K)
 Metaspace       used 123706K, capacity 127340K, committed 128300K, reserved 1161216K
  class space    used 15424K, capacity 16751K, committed 17176K, reserved 1048576K
}
Event: 848.712 GC heap before
{Heap before GC invocations=64 (full 0):
 garbage-first heap   total 262144K, used 157855K [0x0000000080000000, 0x0000000100000000)
  region size 1024K, 27 young (27648K), 2 survivors (2048K)
 Metaspace       used 123759K, capacity 127345K, committed 128300K, reserved 1161216K
  class space    used 15424K, capacity 16751K, committed 17176K, reserved 1048576K
}
Event: 848.715 GC heap after
{Heap after GC invocations=65 (full 0):
 garbage-first heap   total 262144K, used 133644K [0x0000000080000000, 0x0000000100000000)
  region size 1024K, 1 young (1024K), 1 survivors (1024K)
 Metaspace       used 123759K, capacity 127345K, committed 128300K, reserved 1161216K
  class space    used 15424K, capacity 16751K, committed 17176K, reserved 1048576K
}
Event: 997.079 GC heap before
{Heap before GC invocations=66 (full 0):
 garbage-first heap   total 262144K, used 197132K [0x0000000080000000, 0x0000000100000000)
  region size 1024K, 52 young (53248K), 1 survivors (1024K)
 Metaspace       used 124308K, capacity 128111K, committed 128556K, reserved 1161216K
  class space    used 15504K, capacity 16898K, committed 17176K, reserved 1048576K
}
Event: 997.084 GC heap after
{Heap after GC invocations=67 (full 0):
 garbage-first heap   total 262144K, used 127343K [0x0000000080000000, 0x0000000100000000)
  region size 1024K, 7 young (7168K), 7 survivors (7168K)
 Metaspace       used 124308K, capacity 128111K, committed 128556K, reserved 1161216K
  class space    used 15504K, capacity 16898K, committed 17176K, reserved 1048576K
}
Event: 997.092 GC heap before
{Heap before GC invocations=67 (full 0):
 garbage-first heap   total 262144K, used 131439K [0x0000000080000000, 0x0000000100000000)
  region size 1024K, 12 young (12288K), 7 survivors (7168K)
 Metaspace       used 124308K, capacity 128111K, committed 128556K, reserved 1161216K
  class space    used 15504K, capacity 16898K, committed 17176K, reserved 1048576K
}
Event: 997.096 GC heap after
{Heap after GC invocations=68 (full 0):
 garbage-first heap   total 262144K, used 121781K [0x0000000080000000, 0x0000000100000000)
  region size 1024K, 2 young (2048K), 2 survivors (2048K)
 Metaspace       used 124308K, capacity 128111K, committed 128556K, reserved 1161216K
  class space    used 15504K, capacity 16898K, committed 17176K, reserved 1048576K
}
Event: 997.146 GC heap before
{Heap before GC invocations=68 (full 0):
 garbage-first heap   total 262144K, used 149429K [0x0000000080000000, 0x0000000100000000)
  region size 1024K, 30 young (30720K), 2 survivors (2048K)
 Metaspace       used 124322K, capacity 128175K, committed 128812K, reserved 1161216K
  class space    used 15504K, capacity 16898K, committed 17176K, reserved 1048576K
}
Event: 997.154 GC heap after
{Heap after GC invocations=69 (full 0):
 garbage-first heap   total 262144K, used 137727K [0x0000000080000000, 0x0000000100000000)
  region size 1024K, 8 young (8192K), 8 survivors (8192K)
 Metaspace       used 124322K, capacity 128175K, committed 128812K, reserved 1161216K
  class space    used 15504K, capacity 16898K, committed 17176K, reserved 1048576K
}
Event: 1006.689 GC heap before
{Heap before GC invocations=70 (full 0):
 garbage-first heap   total 262144K, used 198143K [0x0000000080000000, 0x0000000100000000)
  region size 1024K, 52 young (53248K), 8 survivors (8192K)
 Metaspace       used 124952K, capacity 129025K, committed 129324K, reserved 1161216K
  class space    used 15623K, capacity 17098K, committed 17176K, reserved 1048576K
}
Event: 1006.695 GC heap after
{Heap after GC invocations=71 (full 0):
 garbage-first heap   total 262144K, used 141235K [0x0000000080000000, 0x0000000100000000)
  region size 1024K, 5 young (5120K), 5 survivors (5120K)
 Metaspace       used 124952K, capacity 129025K, committed 129324K, reserved 1161216K
  class space    used 15623K, capacity 17098K, committed 17176K, reserved 1048576K
}
Event: 1006.726 GC heap before
{Heap before GC invocations=71 (full 0):
 garbage-first heap   total 262144K, used 147379K [0x0000000080000000, 0x0000000100000000)
  region size 1024K, 12 young (12288K), 5 survivors (5120K)
 Metaspace       used 124962K, capacity 129026K, committed 129324K, reserved 1161216K
  class space    used 15623K, capacity 17098K, committed 17176K, reserved 1048576K
}
Event: 1006.731 GC heap after
{Heap after GC invocations=72 (full 0):
 garbage-first heap   total 262144K, used 130981K [0x0000000080000000, 0x0000000100000000)
  region size 1024K, 1 young (1024K), 1 survivors (1024K)
 Metaspace       used 124962K, capacity 129026K, committed 129324K, reserved 1161216K
  class space    used 15623K, capacity 17098K, committed 17176K, reserved 1048576K
}

