# JRE version: OpenJDK Runtime Environment (11.0.15) (build 11.0.15+0-b2043.56-8887301)
# Java VM: OpenJDK 64-Bit Server VM (11.0.15+0-b2043.56-8887301, mixed mode, tiered, compressed oops, g1 gc, windows-amd64)
Heap:
 garbage-first heap   total 366592K, used 212383K [0x0000000080000000, 0x0000000100000000)
  region size 1024K, 1 young (1024K), 1 survivors (1024K)
 Metaspace       used 147665K, capacity 152414K, committed 153436K, reserved 1181696K
  class space    used 18493K, capacity 20223K, committed 20972K, reserved 1048576K
GC Heap History (20 events):
Event: 1200.598 GC heap after
{Heap after GC invocations=61 (full 0):
 garbage-first heap   total 274432K, used 228618K [0x0000000080000000, 0x0000000100000000)
  region size 1024K, 2 young (2048K), 2 survivors (2048K)
 Metaspace       used 143909K, capacity 148659K, committed 149852K, reserved 1179648K
  class space    used 18177K, capacity 19883K, committed 20716K, reserved 1048576K
}
Event: 1200.624 GC heap before
{Heap before GC invocations=62 (full 0):
 garbage-first heap   total 274432K, used 239882K [0x0000000080000000, 0x0000000100000000)
  region size 1024K, 13 young (13312K), 2 survivors (2048K)
 Metaspace       used 143911K, capacity 148659K, committed 149852K, reserved 1179648K
  class space    used 18177K, capacity 19883K, committed 20716K, reserved 1048576K
}
Event: 1200.626 GC heap after
{Heap after GC invocations=63 (full 0):
 garbage-first heap   total 274432K, used 230393K [0x0000000080000000, 0x0000000100000000)
  region size 1024K, 2 young (2048K), 2 survivors (2048K)
 Metaspace       used 143911K, capacity 148659K, committed 149852K, reserved 1179648K
  class space    used 18177K, capacity 19883K, committed 20716K, reserved 1048576K
}
Event: 1200.666 GC heap before
{Heap before GC invocations=63 (full 0):
 garbage-first heap   total 274432K, used 241657K [0x0000000080000000, 0x0000000100000000)
  region size 1024K, 13 young (13312K), 2 survivors (2048K)
 Metaspace       used 143930K, capacity 148663K, committed 149852K, reserved 1179648K
  class space    used 18179K, capacity 19884K, committed 20716K, reserved 1048576K
}
Event: 1200.669 GC heap after
{Heap after GC invocations=64 (full 0):
 garbage-first heap   total 274432K, used 229596K [0x0000000080000000, 0x0000000100000000)
  region size 1024K, 1 young (1024K), 1 survivors (1024K)
 Metaspace       used 143930K, capacity 148663K, committed 149852K, reserved 1179648K
  class space    used 18179K, capacity 19884K, committed 20716K, reserved 1048576K
}
Event: 1200.695 GC heap before
{Heap before GC invocations=64 (full 0):
 garbage-first heap   total 274432K, used 235740K [0x0000000080000000, 0x0000000100000000)
  region size 1024K, 9 young (9216K), 1 survivors (1024K)
 Metaspace       used 143932K, capacity 148663K, committed 149852K, reserved 1179648K
  class space    used 18179K, capacity 19884K, committed 20716K, reserved 1048576K
}
Event: 1200.700 GC heap after
{Heap after GC invocations=65 (full 0):
 garbage-first heap   total 274432K, used 235520K [0x0000000080000000, 0x0000000100000000)
  region size 1024K, 2 young (2048K), 2 survivors (2048K)
 Metaspace       used 143932K, capacity 148663K, committed 149852K, reserved 1179648K
  class space    used 18179K, capacity 19884K, committed 20716K, reserved 1048576K
}
Event: 1200.863 GC heap before
{Heap before GC invocations=66 (full 0):
 garbage-first heap   total 274432K, used 261120K [0x0000000080000000, 0x0000000100000000)
  region size 1024K, 13 young (13312K), 2 survivors (2048K)
 Metaspace       used 144508K, capacity 149220K, committed 150364K, reserved 1179648K
  class space    used 18208K, capacity 19951K, committed 20716K, reserved 1048576K
}
Event: 1200.867 GC heap after
{Heap after GC invocations=67 (full 0):
 garbage-first heap   total 274432K, used 234656K [0x0000000080000000, 0x0000000100000000)
  region size 1024K, 2 young (2048K), 2 survivors (2048K)
 Metaspace       used 144508K, capacity 149220K, committed 150364K, reserved 1179648K
  class space    used 18208K, capacity 19951K, committed 20716K, reserved 1048576K
}
Event: 1200.918 GC heap before
{Heap before GC invocations=67 (full 0):
 garbage-first heap   total 274432K, used 245920K [0x0000000080000000, 0x0000000100000000)
  region size 1024K, 13 young (13312K), 2 survivors (2048K)
 Metaspace       used 144927K, capacity 149706K, committed 150876K, reserved 1179648K
  class space    used 18258K, capacity 19985K, committed 20716K, reserved 1048576K
}
Event: 1200.923 GC heap after
{Heap after GC invocations=68 (full 0):
 garbage-first heap   total 274432K, used 233327K [0x0000000080000000, 0x0000000100000000)
  region size 1024K, 2 young (2048K), 2 survivors (2048K)
 Metaspace       used 144927K, capacity 149706K, committed 150876K, reserved 1179648K
  class space    used 18258K, capacity 19985K, committed 20716K, reserved 1048576K
}
Event: 1201.011 GC heap before
{Heap before GC invocations=68 (full 0):
 garbage-first heap   total 274432K, used 244591K [0x0000000080000000, 0x0000000100000000)
  region size 1024K, 13 young (13312K), 2 survivors (2048K)
 Metaspace       used 145047K, capacity 149812K, committed 151004K, reserved 1179648K
  class space    used 18270K, capacity 20021K, committed 20844K, reserved 1048576K
}
Event: 1201.014 GC heap after
{Heap after GC invocations=69 (full 0):
 garbage-first heap   total 274432K, used 235033K [0x0000000080000000, 0x0000000100000000)
  region size 1024K, 2 young (2048K), 2 survivors (2048K)
 Metaspace       used 145047K, capacity 149812K, committed 151004K, reserved 1179648K
  class space    used 18270K, capacity 20021K, committed 20844K, reserved 1048576K
}
Event: 1201.077 GC heap before
{Heap before GC invocations=69 (full 0):
 garbage-first heap   total 274432K, used 245273K [0x0000000080000000, 0x0000000100000000)
  region size 1024K, 13 young (13312K), 2 survivors (2048K)
 Metaspace       used 145227K, capacity 149959K, committed 151260K, reserved 1179648K
  class space    used 18287K, capacity 20027K, committed 20844K, reserved 1048576K
}
Event: 1201.081 GC heap after
{Heap after GC invocations=70 (full 0):
 garbage-first heap   total 274432K, used 236556K [0x0000000080000000, 0x0000000100000000)
  region size 1024K, 2 young (2048K), 2 survivors (2048K)
 Metaspace       used 145227K, capacity 149959K, committed 151260K, reserved 1179648K
  class space    used 18287K, capacity 20027K, committed 20844K, reserved 1048576K
}
Event: 1201.169 GC heap before
{Heap before GC invocations=71 (full 0):
 garbage-first heap   total 274432K, used 238604K [0x0000000080000000, 0x0000000100000000)
  region size 1024K, 13 young (13312K), 2 survivors (2048K)
 Metaspace       used 146131K, capacity 150907K, committed 152028K, reserved 1181696K
  class space    used 18373K, capacity 20126K, committed 20844K, reserved 1048576K
}
Event: 1201.172 GC heap after
{Heap after GC invocations=72 (full 0):
 garbage-first heap   total 274432K, used 229311K [0x0000000080000000, 0x0000000100000000)
  region size 1024K, 2 young (2048K), 2 survivors (2048K)
 Metaspace       used 146131K, capacity 150907K, committed 152028K, reserved 1181696K
  class space    used 18373K, capacity 20126K, committed 20844K, reserved 1048576K
}
Event: 1201.215 GC heap before
{Heap before GC invocations=72 (full 0):
 garbage-first heap   total 274432K, used 240575K [0x0000000080000000, 0x0000000100000000)
  region size 1024K, 13 young (13312K), 2 survivors (2048K)
 Metaspace       used 146611K, capacity 151326K, committed 152412K, reserved 1181696K
  class space    used 18412K, capacity 20159K, committed 20972K, reserved 1048576K
}
Event: 1201.220 GC heap after
{Heap after GC invocations=73 (full 0):
 garbage-first heap   total 274432K, used 212245K [0x0000000080000000, 0x0000000100000000)
  region size 1024K, 2 young (2048K), 2 survivors (2048K)
 Metaspace       used 146611K, capacity 151326K, committed 152412K, reserved 1181696K
  class space    used 18412K, capacity 20159K, committed 20972K, reserved 1048576K
}
Event: 1201.348 GC heap before
{Heap before GC invocations=73 (full 0):
 garbage-first heap   total 274432K, used 230677K [0x0000000080000000, 0x0000000100000000)
  region size 1024K, 20 young (20480K), 2 survivors (2048K)
 Metaspace       used 147665K, capacity 152414K, committed 153436K, reserved 1181696K
  class space    used 18493K, capacity 20223K, committed 20972K, reserved 1048576K
}

